Using pre-set license
Built from '2020.3/release' branch; Version is '2020.3.1f1 (77a89f25062f) revision 7841951'; Using compiler version '192528614'; Build Type 'Release'
OS: 'Windows 10 Pro; OS build 19043.1526; Version 2009; 64bit' Language: 'es' Physical Memory: 16227 MB
BatchMode: 1, IsHumanControllingUs: 0, StartBugReporterOnCrash: 0, Is64bit: 1, IsPro: 0

 COMMAND LINE ARGUMENTS:
C:\Program Files\Unity\Hub\Editor\2020.3.1f1\Editor\Unity.exe
-adb2
-batchMode
-noUpm
-name
AssetImportWorker0
-projectPath
C:/Users/Nuria/Desktop/PR_ZAXXON-main/PR_ZAXXON_ZapataNuria
-logFile
Logs/AssetImportWorker0.log
-srvPort
1284
Successfully changed project path to: C:/Users/Nuria/Desktop/PR_ZAXXON-main/PR_ZAXXON_ZapataNuria
C:/Users/Nuria/Desktop/PR_ZAXXON-main/PR_ZAXXON_ZapataNuria
Using Asset Import Pipeline V2.
Refreshing native plugins compatible for Editor in 27.81 ms, found 2 plugins.
Preloading 0 native plugins for Editor in 0.00 ms.
Initialize engine version: 2020.3.1f1 (77a89f25062f)
[Subsystems] Discovering subsystems at path C:/Program Files/Unity/Hub/Editor/2020.3.1f1/Editor/Data/Resources/UnitySubsystems
[Subsystems] Discovering subsystems at path C:/Users/Nuria/Desktop/PR_ZAXXON-main/PR_ZAXXON_ZapataNuria/Assets
GfxDevice: creating device client; threaded=0
Direct3D:
    Version:  Direct3D 11.0 [level 11.1]
    Renderer: NVIDIA GeForce RTX 2080 (ID=0x1e87)
    Vendor:   
    VRAM:     8010 MB
    Driver:   30.0.14.7212
Initialize mono
Mono path[0] = 'C:/Program Files/Unity/Hub/Editor/2020.3.1f1/Editor/Data/Managed'
Mono path[1] = 'C:/Program Files/Unity/Hub/Editor/2020.3.1f1/Editor/Data/MonoBleedingEdge/lib/mono/unityjit'
Mono config path = 'C:/Program Files/Unity/Hub/Editor/2020.3.1f1/Editor/Data/MonoBleedingEdge/etc'
Using monoOptions --debugger-agent=transport=dt_socket,embedding=1,server=y,suspend=n,address=127.0.0.1:56768
Begin MonoManager ReloadAssembly
Registering precompiled unity dll's ...
Register platform support module: C:/Program Files/Unity/Hub/Editor/2020.3.1f1/Editor/Data/PlaybackEngines/WindowsStandaloneSupport/UnityEditor.WindowsStandalone.Extensions.dll
Registered in 0.003110 seconds.
Native extension for WindowsStandalone target not found
Refreshing native plugins compatible for Editor in 26.06 ms, found 2 plugins.
Preloading 0 native plugins for Editor in 0.00 ms.
Invoked RoslynAnalysisRunner static constructor.
RoslynAnalysisRunner will not be running.
RoslynAnalysisRunner has terminated.
Mono: successfully reloaded assembly
- Completed reload, in  0.939 seconds
Platform modules already initialized, skipping
Registering precompiled user dll's ...
Registered in 0.003127 seconds.
Begin MonoManager ReloadAssembly
Native extension for WindowsStandalone target not found
Refreshing native plugins compatible for Editor in 0.29 ms, found 2 plugins.
Preloading 0 native plugins for Editor in 0.00 ms.
Invoked RoslynAnalysisRunner static constructor.
RoslynAnalysisRunner will not be running.
RoslynAnalysisRunner has terminated.
Mono: successfully reloaded assembly
- Completed reload, in  0.871 seconds
Platform modules already initialized, skipping
========================================================================
Worker process is ready to serve import requests
Launched and connected shader compiler UnityShaderCompiler.exe after 0.04 seconds
Refreshing native plugins compatible for Editor in 0.29 ms, found 2 plugins.
Preloading 0 native plugins for Editor in 0.00 ms.
Unloading 1411 Unused Serialized files (Serialized files now loaded: 0)
System memory in use before: 67.0 MB.
System memory in use after: 67.1 MB.

Unloading 16 unused Assets to reduce memory usage. Loaded Objects now: 1848.
Total: 2.338400 ms (FindLiveObjects: 0.205400 ms CreateObjectMapping: 0.103200 ms MarkObjects: 1.965400 ms  DeleteObjects: 0.062800 ms)

========================================================================
Received Import Request.
  path: Assets/Audios/WhatsApp Ptt 2022-02-23 at 23.56.09 (1).ogg
  artifactKey: Guid(4b424a3be35003c419e1d3355b1f86a2) Importer(815301076,1909f56bfc062723c751e8b465ee728b)
Start importing Assets/Audios/WhatsApp Ptt 2022-02-23 at 23.56.09 (1).ogg using Guid(4b424a3be35003c419e1d3355b1f86a2) Importer(815301076,1909f56bfc062723c751e8b465ee728b)  -> (artifact id: 'cd5f3d57c8c85c0ffc7a5f7e9f9fe476') in 0.037800 seconds
  Import took 0.039952 seconds .

========================================================================
Received Import Request.
  Time since last request: 0.000241 seconds.
  path: Assets/Audios/WhatsApp Ptt 2022-02-23 at 23.56.09 (1) 1.ogg
  artifactKey: Guid(54fa573d6ed27e9489e62bed839f7b43) Importer(815301076,1909f56bfc062723c751e8b465ee728b)
Start importing Assets/Audios/WhatsApp Ptt 2022-02-23 at 23.56.09 (1) 1.ogg using Guid(54fa573d6ed27e9489e62bed839f7b43) Importer(815301076,1909f56bfc062723c751e8b465ee728b)  -> (artifact id: 'eeca645e45719db684dbdb90b836ac78') in 0.007053 seconds
  Import took 0.009534 seconds .

========================================================================
Received Import Request.
  Time since last request: 39.061754 seconds.
  path: Assets/Audios/WhatsApp-Ptt-2022-02-23-at-23.56.09-_1_.mp3
  artifactKey: Guid(f4867924412ea4643bf355656d2358bf) Importer(815301076,1909f56bfc062723c751e8b465ee728b)
Start importing Assets/Audios/WhatsApp-Ptt-2022-02-23-at-23.56.09-_1_.mp3 using Guid(f4867924412ea4643bf355656d2358bf) Importer(815301076,1909f56bfc062723c751e8b465ee728b)  -> (artifact id: '439e5d661e3af1d73c961ac082542b38') in 0.060394 seconds
  Import took 0.062652 seconds .

========================================================================
Received Import Request.
  Time since last request: 12.041264 seconds.
  path: Assets/NewAudioMixer.mixer
  artifactKey: Guid(51b11ce9049c02443b51fd143f387bea) Importer(815301076,1909f56bfc062723c751e8b465ee728b)
Start importing Assets/NewAudioMixer.mixer using Guid(51b11ce9049c02443b51fd143f387bea) Importer(815301076,1909f56bfc062723c751e8b465ee728b)  -> (artifact id: '712c37133fb73a19b936ec8810bdd8d9') in 0.007976 seconds
  Import took 0.010235 seconds .

========================================================================
Received Import Request.
  Time since last request: 0.026792 seconds.
  path: Assets/NewAudioMixer.mixer
  artifactKey: Guid(51b11ce9049c02443b51fd143f387bea) Importer(815301076,1909f56bfc062723c751e8b465ee728b)
Start importing Assets/NewAudioMixer.mixer using Guid(51b11ce9049c02443b51fd143f387bea) Importer(815301076,1909f56bfc062723c751e8b465ee728b)  -> (artifact id: '712c37133fb73a19b936ec8810bdd8d9') in 0.003380 seconds
  Import took 0.005711 seconds .

========================================================================
Received Import Request.
  Time since last request: 2.349980 seconds.
  path: Assets/NewAudioMixer.mixer
  artifactKey: Guid(51b11ce9049c02443b51fd143f387bea) Importer(815301076,1909f56bfc062723c751e8b465ee728b)
Start importing Assets/NewAudioMixer.mixer using Guid(51b11ce9049c02443b51fd143f387bea) Importer(815301076,1909f56bfc062723c751e8b465ee728b)  -> (artifact id: '59daf5b5a074490c28083d7e33c52c10') in 0.002898 seconds
  Import took 0.005422 seconds .

========================================================================
Received Prepare
Registering precompiled user dll's ...
Registered in 0.002851 seconds.
Begin MonoManager ReloadAssembly
Native extension for WindowsStandalone target not found
Refreshing native plugins compatible for Editor in 0.62 ms, found 2 plugins.
Preloading 0 native plugins for Editor in 0.00 ms.
Invoked RoslynAnalysisRunner static constructor.
RoslynAnalysisRunner will not be running.
RoslynAnalysisRunner has terminated.
Mono: successfully reloaded assembly
- Completed reload, in  0.803 seconds
Platform modules already initialized, skipping
Refreshing native plugins compatible for Editor in 0.42 ms, found 2 plugins.
Preloading 0 native plugins for Editor in 0.00 ms.
Unloading 1404 Unused Serialized files (Serialized files now loaded: 0)
System memory in use before: 70.0 MB.
System memory in use after: 70.1 MB.

Unloading 11 unused Assets to reduce memory usage. Loaded Objects now: 1859.
Total: 1.871300 ms (FindLiveObjects: 0.158100 ms CreateObjectMapping: 0.044400 ms MarkObjects: 1.649000 ms  DeleteObjects: 0.018400 ms)

========================================================================
Received Prepare
Refreshing native plugins compatible for Editor in 2.72 ms, found 2 plugins.
Preloading 0 native plugins for Editor in 0.00 ms.
Unloading 9 Unused Serialized files (Serialized files now loaded: 0)
System memory in use before: 42.4 MB.
System memory in use after: 42.5 MB.

Unloading 9 unused Assets to reduce memory usage. Loaded Objects now: 1859.
Total: 2.182600 ms (FindLiveObjects: 0.364700 ms CreateObjectMapping: 0.121900 ms MarkObjects: 1.680900 ms  DeleteObjects: 0.014000 ms)

AssetImportWorkerClient::OnTransportError - code=2 error=End of file
